#-----------------------------------------------------------
# Vivado v2023.2 (64-bit)
# SW Build 4029153 on Fri Oct 13 20:13:54 MDT 2023
# IP Build 4028589 on Sat Oct 14 00:45:43 MDT 2023
# SharedData Build 4025554 on Tue Oct 10 17:18:54 MDT 2023
# Start of session at: Mon Nov  4 10:17:28 2024
# Process ID: 2341
# Current directory: /home/raja/Desktop/MAVEN/PROJECTS/RISC_V/Single_Cycle/vivado
# Command line: vivado
# Log file: /home/raja/Desktop/MAVEN/PROJECTS/RISC_V/Single_Cycle/vivado/vivado.log
# Journal file: /home/raja/Desktop/MAVEN/PROJECTS/RISC_V/Single_Cycle/vivado/vivado.jou
# Running On: Raja, OS: Linux, CPU Frequency: 2500.000 MHz, CPU Physical cores: 6, Host memory: 8051 MB
#-----------------------------------------------------------
start_gui
WARNING: [Board 49-26] cannot add Board Part digilentinc.com:genesys2:part0:1.1 available at /home/raja/Vivado/2023.2/data/boards/board_files/genesys2/H/board.xml as part xc7k325tffg900-2 specified in board_part file is either invalid or not available
WARNING: [Board 49-26] cannot add Board Part digilentinc.com:sword:part0:1.0 available at /home/raja/Vivado/2023.2/data/boards/board_files/sword/C.0/board.xml as part xc7k325tffg900-2 specified in board_part file is either invalid or not available
WARNING: [Board 49-26] cannot add Board Part xilinx.com:kc705:part0:1.6 available at /home/raja/Vivado/2023.2/data/xhub/boards/XilinxBoardStore/boards/Xilinx/kc705/1.6/board.xml as part xc7k325tffg900-2 specified in board_part file is either invalid or not available
WARNING: [Board 49-26] cannot add Board Part xilinx.com:kcu105:part0:1.6 available at /home/raja/Vivado/2023.2/data/xhub/boards/XilinxBoardStore/boards/Xilinx/kcu105/1.6/board.xml as part xcku040-ffva1156-2-e specified in board_part file is either invalid or not available
WARNING: [Board 49-26] cannot add Board Part xilinx.com:kcu105:part0:1.7 available at /home/raja/Vivado/2023.2/data/xhub/boards/XilinxBoardStore/boards/Xilinx/kcu105/1.7/board.xml as part xcku040-ffva1156-2-e specified in board_part file is either invalid or not available
WARNING: [Board 49-26] cannot add Board Part xilinx.com:kcu1500:part0:1.2 available at /home/raja/Vivado/2023.2/data/xhub/boards/XilinxBoardStore/boards/Xilinx/kcu1500/1.2/board.xml as part xcku115-flvb2104-2-e specified in board_part file is either invalid or not available
WARNING: [Board 49-26] cannot add Board Part xilinx.com:vc707:part0:1.4 available at /home/raja/Vivado/2023.2/data/xhub/boards/XilinxBoardStore/boards/Xilinx/vc707/1.4/board.xml as part xc7vx485tffg1761-2 specified in board_part file is either invalid or not available
WARNING: [Board 49-26] cannot add Board Part xilinx.com:vc709:part0:1.8 available at /home/raja/Vivado/2023.2/data/xhub/boards/XilinxBoardStore/boards/Xilinx/vc709/1.8/board.xml as part xc7vx690tffg1761-2 specified in board_part file is either invalid or not available
WARNING: [Board 49-26] cannot add Board Part xilinx.com:vck190:part0:2.2 available at /home/raja/Vivado/2023.2/data/xhub/boards/XilinxBoardStore/boards/Xilinx/vck190/production/2.2/board.xml as part xcvc1902-vsva2197-2mp-e-s specified in board_part file is either invalid or not available
WARNING: [Board 49-26] cannot add Board Part xilinx.com:vck190:part0:3.0 available at /home/raja/Vivado/2023.2/data/xhub/boards/XilinxBoardStore/boards/Xilinx/vck190/production/3.0/board.xml as part xcvc1902-vsva2197-2mp-e-s specified in board_part file is either invalid or not available
WARNING: [Board 49-26] cannot add Board Part xilinx.com:vck190:part0:3.1 available at /home/raja/Vivado/2023.2/data/xhub/boards/XilinxBoardStore/boards/Xilinx/vck190/production/3.1/board.xml as part xcvc1902-vsva2197-2mp-e-s specified in board_part file is either invalid or not available
WARNING: [Board 49-26] cannot add Board Part xilinx.com:vck190:part0:3.2 available at /home/raja/Vivado/2023.2/data/xhub/boards/XilinxBoardStore/boards/Xilinx/vck190/production/3.2/board.xml as part xcvc1902-vsva2197-2mp-e-s specified in board_part file is either invalid or not available
WARNING: [Board 49-26] cannot add Board Part xilinx.com:vck190_newl:part0:1.0 available at /home/raja/Vivado/2023.2/data/xhub/boards/XilinxBoardStore/boards/Xilinx/vck190_newl/production/1.0/board.xml as part xcvc1902-vsva2197-2mp-e-s specified in board_part file is either invalid or not available
WARNING: [Board 49-26] cannot add Board Part xilinx.com:vck190_newl:part0:1.1 available at /home/raja/Vivado/2023.2/data/xhub/boards/XilinxBoardStore/boards/Xilinx/vck190_newl/production/1.1/board.xml as part xcvc1902-vsva2197-2mp-e-s specified in board_part file is either invalid or not available
WARNING: [Board 49-26] cannot add Board Part xilinx.com:vcu108:part0:1.6 available at /home/raja/Vivado/2023.2/data/xhub/boards/XilinxBoardStore/boards/Xilinx/vcu108/1.6/board.xml as part xcvu095-ffva2104-2-e specified in board_part file is either invalid or not available
WARNING: [Board 49-26] cannot add Board Part xilinx.com:vcu108:part0:1.7 available at /home/raja/Vivado/2023.2/data/xhub/boards/XilinxBoardStore/boards/Xilinx/vcu108/1.7/board.xml as part xcvu095-ffva2104-2-e specified in board_part file is either invalid or not available
WARNING: [Board 49-26] cannot add Board Part xilinx.com:vcu110:part0:1.4 available at /home/raja/Vivado/2023.2/data/xhub/boards/XilinxBoardStore/boards/Xilinx/vcu110/1.4/board.xml as part xcvu190-flgc2104-2-e specified in board_part file is either invalid or not available
WARNING: [Board 49-26] cannot add Board Part xilinx.com:vcu118:part0:2.0 available at /home/raja/Vivado/2023.2/data/xhub/boards/XilinxBoardStore/boards/Xilinx/vcu118/2.0/board.xml as part xcvu9p-flga2104-2l-e specified in board_part file is either invalid or not available
WARNING: [Board 49-26] cannot add Board Part xilinx.com:vcu118:part0:2.3 available at /home/raja/Vivado/2023.2/data/xhub/boards/XilinxBoardStore/boards/Xilinx/vcu118/2.3/board.xml as part xcvu9p-flga2104-2l-e specified in board_part file is either invalid or not available
WARNING: [Board 49-26] cannot add Board Part xilinx.com:vcu118:part0:2.4 available at /home/raja/Vivado/2023.2/data/xhub/boards/XilinxBoardStore/boards/Xilinx/vcu118/2.4/board.xml as part xcvu9p-flga2104-2l-e specified in board_part file is either invalid or not available
WARNING: [Board 49-26] cannot add Board Part xilinx.com:vcu129:part0:1.0 available at /home/raja/Vivado/2023.2/data/xhub/boards/XilinxBoardStore/boards/Xilinx/vcu129/production/1.0/board.xml as part xcvu29p-fsga2577-2l-e specified in board_part file is either invalid or not available
WARNING: [Board 49-26] cannot add Board Part xilinx.com:vcu1525:part0:1.3 available at /home/raja/Vivado/2023.2/data/xhub/boards/XilinxBoardStore/boards/Xilinx/vcu1525/1.3/board.xml as part xcvu9p-fsgd2104-2l-e specified in board_part file is either invalid or not available
WARNING: [Board 49-26] cannot add Board Part xilinx.com:vek280:part0:1.0 available at /home/raja/Vivado/2023.2/data/xhub/boards/XilinxBoardStore/boards/Xilinx/vek280/production/1.0/board.xml as part xcve2802-vsvh1760-2mp-e-s specified in board_part file is either invalid or not available
WARNING: [Board 49-26] cannot add Board Part xilinx.com:vek280_es:part0:1.0 available at /home/raja/Vivado/2023.2/data/xhub/boards/XilinxBoardStore/boards/Xilinx/vek280/es/rev_a/1.0/board.xml as part xcve2802-vsvh1760-2lp-e-s-es1 specified in board_part file is either invalid or not available
WARNING: [Board 49-26] cannot add Board Part xilinx.com:vek280_es:part0:1.1 available at /home/raja/Vivado/2023.2/data/xhub/boards/XilinxBoardStore/boards/Xilinx/vek280/es/rev_a/1.1/board.xml as part xcve2802-vsvh1760-2lp-e-s-es1 specified in board_part file is either invalid or not available
WARNING: [Board 49-26] cannot add Board Part xilinx.com:vek280_es_revb:part0:1.0 available at /home/raja/Vivado/2023.2/data/xhub/boards/XilinxBoardStore/boards/Xilinx/vek280/es/rev_b/1.0/board.xml as part xcve2802-vsvh1760-2mp-e-s-es1 specified in board_part file is either invalid or not available
WARNING: [Board 49-26] cannot add Board Part xilinx.com:vek280_es_revb:part0:1.1 available at /home/raja/Vivado/2023.2/data/xhub/boards/XilinxBoardStore/boards/Xilinx/vek280/es/rev_b/1.1/board.xml as part xcve2802-vsvh1760-2mp-e-s-es1 specified in board_part file is either invalid or not available
WARNING: [Board 49-26] cannot add Board Part xilinx.com:vermeo_t1_mpsoc:part0:1.0 available at /home/raja/Vivado/2023.2/data/xhub/boards/XilinxBoardStore/boards/Xilinx/vermeo_t1_mpsoc/1.0/board.xml as part xczu19eg-ffvd1760-2l-e specified in board_part file is either invalid or not available
WARNING: [Board 49-26] cannot add Board Part xilinx.com:vermeo_t1_rfsoc:part0:1.0 available at /home/raja/Vivado/2023.2/data/xhub/boards/XilinxBoardStore/boards/Xilinx/vermeo_t1_rfsoc/1.0/board.xml as part xczu21dr-ffvd1156-2l-e specified in board_part file is either invalid or not available
WARNING: [Board 49-26] cannot add Board Part xilinx.com:vhk158:part0:1.0 available at /home/raja/Vivado/2023.2/data/xhub/boards/XilinxBoardStore/boards/Xilinx/vhk158/production/1.0/board.xml as part xcvh1582-vsva3697-2mp-e-s specified in board_part file is either invalid or not available
WARNING: [Board 49-26] cannot add Board Part xilinx.com:vhk158:part0:1.1 available at /home/raja/Vivado/2023.2/data/xhub/boards/XilinxBoardStore/boards/Xilinx/vhk158/production/1.1/board.xml as part xcvh1582-vsva3697-2mp-e-s specified in board_part file is either invalid or not available
WARNING: [Board 49-26] cannot add Board Part xilinx.com:vhk158_es:part0:1.0 available at /home/raja/Vivado/2023.2/data/xhub/boards/XilinxBoardStore/boards/Xilinx/vhk158/es/1.0/board.xml as part xcvh1582-vsva3697-2mp-e-s-es1 specified in board_part file is either invalid or not available
WARNING: [Board 49-26] cannot add Board Part xilinx.com:vhk158_es:part0:1.1 available at /home/raja/Vivado/2023.2/data/xhub/boards/XilinxBoardStore/boards/Xilinx/vhk158/es/1.1/board.xml as part xcvh1582-vsva3697-2mp-e-s-es1 specified in board_part file is either invalid or not available
WARNING: [Board 49-26] cannot add Board Part xilinx.com:vmk180:part0:2.2 available at /home/raja/Vivado/2023.2/data/xhub/boards/XilinxBoardStore/boards/Xilinx/vmk180/production/2.2/board.xml as part xcvm1802-vsva2197-2mp-e-s specified in board_part file is either invalid or not available
WARNING: [Board 49-26] cannot add Board Part xilinx.com:vmk180:part0:3.0 available at /home/raja/Vivado/2023.2/data/xhub/boards/XilinxBoardStore/boards/Xilinx/vmk180/production/3.0/board.xml as part xcvm1802-vsva2197-2mp-e-s specified in board_part file is either invalid or not available
WARNING: [Board 49-26] cannot add Board Part xilinx.com:vmk180:part0:3.1 available at /home/raja/Vivado/2023.2/data/xhub/boards/XilinxBoardStore/boards/Xilinx/vmk180/production/3.1/board.xml as part xcvm1802-vsva2197-2mp-e-s specified in board_part file is either invalid or not available
WARNING: [Board 49-26] cannot add Board Part xilinx.com:vmk180:part0:3.2 available at /home/raja/Vivado/2023.2/data/xhub/boards/XilinxBoardStore/boards/Xilinx/vmk180/production/3.2/board.xml as part xcvm1802-vsva2197-2mp-e-s specified in board_part file is either invalid or not available
WARNING: [Board 49-26] cannot add Board Part xilinx.com:vmk180_newl:part0:1.0 available at /home/raja/Vivado/2023.2/data/xhub/boards/XilinxBoardStore/boards/Xilinx/vmk180_newl/production/1.0/board.xml as part xcvm1802-vsva2197-2mp-e-s specified in board_part file is either invalid or not available
WARNING: [Board 49-26] cannot add Board Part xilinx.com:vmk180_newl:part0:1.1 available at /home/raja/Vivado/2023.2/data/xhub/boards/XilinxBoardStore/boards/Xilinx/vmk180_newl/production/1.1/board.xml as part xcvm1802-vsva2197-2mp-e-s specified in board_part file is either invalid or not available
WARNING: [Board 49-26] cannot add Board Part xilinx.com:vpk120:part0:1.0 available at /home/raja/Vivado/2023.2/data/xhub/boards/XilinxBoardStore/boards/Xilinx/vpk120/production/1.0/board.xml as part xcvp1202-vsva2785-2mp-e-s specified in board_part file is either invalid or not available
WARNING: [Board 49-26] cannot add Board Part xilinx.com:vpk120:part0:1.1 available at /home/raja/Vivado/2023.2/data/xhub/boards/XilinxBoardStore/boards/Xilinx/vpk120/production/1.1/board.xml as part xcvp1202-vsva2785-2mp-e-s specified in board_part file is either invalid or not available
WARNING: [Board 49-26] cannot add Board Part xilinx.com:vpk120:part0:1.2 available at /home/raja/Vivado/2023.2/data/xhub/boards/XilinxBoardStore/boards/Xilinx/vpk120/production/1.2/board.xml as part xcvp1202-vsva2785-2mp-e-s specified in board_part file is either invalid or not available
WARNING: [Board 49-26] cannot add Board Part xilinx.com:vpk180:part0:1.0 available at /home/raja/Vivado/2023.2/data/xhub/boards/XilinxBoardStore/boards/Xilinx/vpk180/production/1.0/board.xml as part xcvp1802-lsvc4072-2mp-e-s specified in board_part file is either invalid or not available
WARNING: [Board 49-26] cannot add Board Part xilinx.com:vpk180:part0:1.1 available at /home/raja/Vivado/2023.2/data/xhub/boards/XilinxBoardStore/boards/Xilinx/vpk180/production/1.1/board.xml as part xcvp1802-lsvc4072-2mp-e-s specified in board_part file is either invalid or not available
WARNING: [Board 49-26] cannot add Board Part xilinx.com:zc706:part0:1.4 available at /home/raja/Vivado/2023.2/data/xhub/boards/XilinxBoardStore/boards/Xilinx/zc706/1.4/board.xml as part xc7z045ffg900-2 specified in board_part file is either invalid or not available
WARNING: [Board 49-26] cannot add Board Part xilinx.com:zcu102:part0:3.3 available at /home/raja/Vivado/2023.2/data/xhub/boards/XilinxBoardStore/boards/Xilinx/zcu102/3.3/board.xml as part xczu9eg-ffvb1156-2-e specified in board_part file is either invalid or not available
WARNING: [Board 49-26] cannot add Board Part xilinx.com:zcu102:part0:3.4 available at /home/raja/Vivado/2023.2/data/xhub/boards/XilinxBoardStore/boards/Xilinx/zcu102/3.4/board.xml as part xczu9eg-ffvb1156-2-e specified in board_part file is either invalid or not available
WARNING: [Board 49-26] cannot add Board Part xilinx.com:zcu111:part0:1.2 available at /home/raja/Vivado/2023.2/data/xhub/boards/XilinxBoardStore/boards/Xilinx/zcu111/1.2/board.xml as part xczu28dr-ffvg1517-2-e specified in board_part file is either invalid or not available
WARNING: [Board 49-26] cannot add Board Part xilinx.com:zcu111:part0:1.3 available at /home/raja/Vivado/2023.2/data/xhub/boards/XilinxBoardStore/boards/Xilinx/zcu111/1.3/board.xml as part xczu28dr-ffvg1517-2-e specified in board_part file is either invalid or not available
WARNING: [Board 49-26] cannot add Board Part xilinx.com:zcu111:part0:1.4 available at /home/raja/Vivado/2023.2/data/xhub/boards/XilinxBoardStore/boards/Xilinx/zcu111/1.4/board.xml as part xczu28dr-ffvg1517-2-e specified in board_part file is either invalid or not available
WARNING: [Board 49-26] cannot add Board Part xilinx.com:zcu1275:part0:1.0 available at /home/raja/Vivado/2023.2/data/xhub/boards/XilinxBoardStore/boards/Xilinx/zcu1275/1.0/board.xml as part xczu29dr-ffvf1760-2-e specified in board_part file is either invalid or not available
WARNING: [Board 49-26] cannot add Board Part xilinx.com:zcu1285:part0:1.0 available at /home/raja/Vivado/2023.2/data/xhub/boards/XilinxBoardStore/boards/Xilinx/zcu1285/1.0/board.xml as part xczu39dr-ffvf1760-2-i specified in board_part file is either invalid or not available
WARNING: [Board 49-26] cannot add Board Part xilinx.com:zcu208:part0:2.0 available at /home/raja/Vivado/2023.2/data/xhub/boards/XilinxBoardStore/boards/Xilinx/zcu208/production/2.0/board.xml as part xczu48dr-fsvg1517-2-e specified in board_part file is either invalid or not available
WARNING: [Board 49-26] cannot add Board Part xilinx.com:zcu208ld:part0:2.0 available at /home/raja/Vivado/2023.2/data/xhub/boards/XilinxBoardStore/boards/Xilinx/zcu208ld/production/2.0/board.xml as part xczu58dr-fsvg1517-2-i specified in board_part file is either invalid or not available
WARNING: [Board 49-26] cannot add Board Part xilinx.com:zcu216:part0:2.0 available at /home/raja/Vivado/2023.2/data/xhub/boards/XilinxBoardStore/boards/Xilinx/zcu216/production/2.0/board.xml as part xczu49dr-ffvf1760-2-e specified in board_part file is either invalid or not available
WARNING: [Board 49-26] cannot add Board Part xilinx.com:zcu216ld:part0:2.0 available at /home/raja/Vivado/2023.2/data/xhub/boards/XilinxBoardStore/boards/Xilinx/zcu216ld/production/2.0/board.xml as part xczu59dr-ffvf1760-2-i specified in board_part file is either invalid or not available
WARNING: [Board 49-26] cannot add Board Part xilinx.com:zcu670:part0:2.0 available at /home/raja/Vivado/2023.2/data/xhub/boards/XilinxBoardStore/boards/Xilinx/zcu670/2.0/board.xml as part xczu67dr-fsve1156-2-i specified in board_part file is either invalid or not available
WARNING: [Board 49-26] cannot add Board Part xilinx.com:zcu670ld:part0:1.0 available at /home/raja/Vivado/2023.2/data/xhub/boards/XilinxBoardStore/boards/Xilinx/zcu670ld/1.0/board.xml as part xczu57dr-fsve1156-2-i specified in board_part file is either invalid or not available
open_project /home/raja/Desktop/MAVEN/PROJECTS/RISC_V/Single_Cycle/vivado/RISC_V_SINGLE_CYCLE/RISC_V_SINGLE_CYCLE.xpr
INFO: [filemgmt 56-3] Default IP Output Path : Could not find the directory '/home/raja/Desktop/MAVEN/PROJECTS/RISC_V/Single_Cycle/vivado/RISC_V_SINGLE_CYCLE/RISC_V_SINGLE_CYCLE.gen/sources_1'.
Scanning sources...
Finished scanning sources
INFO: [IP_Flow 19-234] Refreshing IP repositories
INFO: [IP_Flow 19-1704] No user IP repositories specified
INFO: [IP_Flow 19-2313] Loaded Vivado IP repository '/home/raja/Vivado/2023.2/data/ip'.
update_compile_order -fileset sources_1
synth_design -rtl -rtl_skip_mlo -name rtl_1
Command: synth_design -rtl -rtl_skip_mlo -name rtl_1
Starting synth_design
Using part: xc7a100tcsg324-1
Top: riscv_top
INFO: [Device 21-403] Loading part xc7a100tcsg324-1
INFO: [Synth 8-7079] Multithreading enabled for synth_design using a maximum of 4 processes.
INFO: [Synth 8-7078] Launching helper process for spawning children vivado processes
INFO: [Synth 8-7075] Helper process launched with PID 2515
---------------------------------------------------------------------------------
Starting RTL Elaboration : Time (s): cpu = 00:00:03 ; elapsed = 00:00:03 . Memory (MB): peak = 8388.797 ; gain = 373.828 ; free physical = 1626 ; free virtual = 6246
---------------------------------------------------------------------------------
INFO: [Synth 8-6157] synthesizing module 'riscv_top' [/home/raja/Desktop/MAVEN/PROJECTS/RISC_V/Single_Cycle/rtl/riscv_top.sv:1]
INFO: [Synth 8-6157] synthesizing module 'riscv_core' [/home/raja/Desktop/MAVEN/PROJECTS/RISC_V/Single_Cycle/rtl/riscv_core.sv:2]
INFO: [Synth 8-155] case statement is not full and has no default [/home/raja/Desktop/MAVEN/PROJECTS/RISC_V/Single_Cycle/rtl/riscv_core.sv:71]
INFO: [Synth 8-294] found qualifier unique on case statement: implementing as parallel_case [/home/raja/Desktop/MAVEN/PROJECTS/RISC_V/Single_Cycle/rtl/riscv_core.sv:84]
INFO: [Synth 8-226] default block is never used [/home/raja/Desktop/MAVEN/PROJECTS/RISC_V/Single_Cycle/rtl/riscv_core.sv:84]
INFO: [Synth 8-6157] synthesizing module 'reg_file' [/home/raja/Desktop/MAVEN/PROJECTS/RISC_V/Single_Cycle/rtl/reg_file.sv:2]
INFO: [Synth 8-6155] done synthesizing module 'reg_file' (0#1) [/home/raja/Desktop/MAVEN/PROJECTS/RISC_V/Single_Cycle/rtl/reg_file.sv:2]
INFO: [Synth 8-294] found qualifier unique on case statement: implementing as parallel_case [/home/raja/Desktop/MAVEN/PROJECTS/RISC_V/Single_Cycle/rtl/riscv_core.sv:143]
INFO: [Synth 8-294] found qualifier unique on case statement: implementing as parallel_case [/home/raja/Desktop/MAVEN/PROJECTS/RISC_V/Single_Cycle/rtl/riscv_core.sv:151]
INFO: [Synth 8-294] found qualifier unique on case statement: implementing as parallel_case [/home/raja/Desktop/MAVEN/PROJECTS/RISC_V/Single_Cycle/rtl/riscv_core.sv:160]
INFO: [Synth 8-6157] synthesizing module 'control_unit' [/home/raja/Desktop/MAVEN/PROJECTS/RISC_V/Single_Cycle/rtl/control_unit.sv:1]
INFO: [Synth 8-155] case statement is not full and has no default [/home/raja/Desktop/MAVEN/PROJECTS/RISC_V/Single_Cycle/rtl/control_unit.sv:77]
INFO: [Synth 8-6155] done synthesizing module 'control_unit' (0#1) [/home/raja/Desktop/MAVEN/PROJECTS/RISC_V/Single_Cycle/rtl/control_unit.sv:1]
INFO: [Synth 8-6155] done synthesizing module 'riscv_core' (0#1) [/home/raja/Desktop/MAVEN/PROJECTS/RISC_V/Single_Cycle/rtl/riscv_core.sv:2]
INFO: [Synth 8-6157] synthesizing module 'instr_memory' [/home/raja/Desktop/MAVEN/PROJECTS/RISC_V/Single_Cycle/rtl/instr_memory.sv:2]
INFO: [Synth 8-6155] done synthesizing module 'instr_memory' (0#1) [/home/raja/Desktop/MAVEN/PROJECTS/RISC_V/Single_Cycle/rtl/instr_memory.sv:2]
INFO: [Synth 8-6157] synthesizing module 'data_memory' [/home/raja/Desktop/MAVEN/PROJECTS/RISC_V/Single_Cycle/rtl/data_memory.sv:2]
INFO: [Synth 8-6155] done synthesizing module 'data_memory' (0#1) [/home/raja/Desktop/MAVEN/PROJECTS/RISC_V/Single_Cycle/rtl/data_memory.sv:2]
INFO: [Synth 8-6157] synthesizing module 'mem_access_control' [/home/raja/Desktop/MAVEN/PROJECTS/RISC_V/Single_Cycle/rtl/mem_access_control.sv:1]
INFO: [Synth 8-6155] done synthesizing module 'mem_access_control' (0#1) [/home/raja/Desktop/MAVEN/PROJECTS/RISC_V/Single_Cycle/rtl/mem_access_control.sv:1]
INFO: [Synth 8-6155] done synthesizing module 'riscv_top' (0#1) [/home/raja/Desktop/MAVEN/PROJECTS/RISC_V/Single_Cycle/rtl/riscv_top.sv:1]
INFO: [Common 17-41] Interrupt caught. Command should exit soon.
WARNING: [Synth 8-7129] Port addr[31] in module mem_access_control is either unconnected or has no load
WARNING: [Synth 8-7129] Port addr[30] in module mem_access_control is either unconnected or has no load
WARNING: [Synth 8-7129] Port addr[29] in module mem_access_control is either unconnected or has no load
WARNING: [Synth 8-7129] Port addr[28] in module mem_access_control is either unconnected or has no load
WARNING: [Synth 8-7129] Port addr[27] in module mem_access_control is either unconnected or has no load
WARNING: [Synth 8-7129] Port addr[26] in module mem_access_control is either unconnected or has no load
WARNING: [Synth 8-7129] Port addr[25] in module mem_access_control is either unconnected or has no load
WARNING: [Synth 8-7129] Port addr[24] in module mem_access_control is either unconnected or has no load
WARNING: [Synth 8-7129] Port addr[23] in module mem_access_control is either unconnected or has no load
WARNING: [Synth 8-7129] Port addr[22] in module mem_access_control is either unconnected or has no load
WARNING: [Synth 8-7129] Port addr[21] in module mem_access_control is either unconnected or has no load
WARNING: [Synth 8-7129] Port addr[20] in module mem_access_control is either unconnected or has no load
WARNING: [Synth 8-7129] Port addr[19] in module mem_access_control is either unconnected or has no load
WARNING: [Synth 8-7129] Port addr[18] in module mem_access_control is either unconnected or has no load
WARNING: [Synth 8-7129] Port addr[17] in module mem_access_control is either unconnected or has no load
WARNING: [Synth 8-7129] Port addr[16] in module mem_access_control is either unconnected or has no load
WARNING: [Synth 8-7129] Port addr[15] in module mem_access_control is either unconnected or has no load
WARNING: [Synth 8-7129] Port addr[14] in module mem_access_control is either unconnected or has no load
WARNING: [Synth 8-7129] Port addr[13] in module mem_access_control is either unconnected or has no load
WARNING: [Synth 8-7129] Port addr[12] in module mem_access_control is either unconnected or has no load
WARNING: [Synth 8-7129] Port addr[11] in module mem_access_control is either unconnected or has no load
WARNING: [Synth 8-7129] Port addr[10] in module mem_access_control is either unconnected or has no load
WARNING: [Synth 8-7129] Port addr[9] in module mem_access_control is either unconnected or has no load
WARNING: [Synth 8-7129] Port addr[8] in module mem_access_control is either unconnected or has no load
WARNING: [Synth 8-7129] Port addr[7] in module mem_access_control is either unconnected or has no load
WARNING: [Synth 8-7129] Port addr[6] in module mem_access_control is either unconnected or has no load
WARNING: [Synth 8-7129] Port addr[5] in module mem_access_control is either unconnected or has no load
WARNING: [Synth 8-7129] Port addr[4] in module mem_access_control is either unconnected or has no load
WARNING: [Synth 8-7129] Port addr[3] in module mem_access_control is either unconnected or has no load
WARNING: [Synth 8-7129] Port addr[2] in module mem_access_control is either unconnected or has no load
WARNING: [Synth 8-7129] Port addr[31] in module instr_memory is either unconnected or has no load
WARNING: [Synth 8-7129] Port addr[30] in module instr_memory is either unconnected or has no load
WARNING: [Synth 8-7129] Port addr[29] in module instr_memory is either unconnected or has no load
WARNING: [Synth 8-7129] Port addr[28] in module instr_memory is either unconnected or has no load
WARNING: [Synth 8-7129] Port addr[27] in module instr_memory is either unconnected or has no load
WARNING: [Synth 8-7129] Port addr[26] in module instr_memory is either unconnected or has no load
WARNING: [Synth 8-7129] Port addr[25] in module instr_memory is either unconnected or has no load
WARNING: [Synth 8-7129] Port addr[24] in module instr_memory is either unconnected or has no load
WARNING: [Synth 8-7129] Port addr[23] in module instr_memory is either unconnected or has no load
WARNING: [Synth 8-7129] Port addr[22] in module instr_memory is either unconnected or has no load
WARNING: [Synth 8-7129] Port addr[21] in module instr_memory is either unconnected or has no load
WARNING: [Synth 8-7129] Port addr[20] in module instr_memory is either unconnected or has no load
WARNING: [Synth 8-7129] Port addr[19] in module instr_memory is either unconnected or has no load
WARNING: [Synth 8-7129] Port addr[18] in module instr_memory is either unconnected or has no load
WARNING: [Synth 8-7129] Port addr[17] in module instr_memory is either unconnected or has no load
WARNING: [Synth 8-7129] Port addr[16] in module instr_memory is either unconnected or has no load
WARNING: [Synth 8-7129] Port addr[15] in module instr_memory is either unconnected or has no load
WARNING: [Synth 8-7129] Port addr[14] in module instr_memory is either unconnected or has no load
WARNING: [Synth 8-7129] Port addr[13] in module instr_memory is either unconnected or has no load
WARNING: [Synth 8-7129] Port addr[12] in module instr_memory is either unconnected or has no load
WARNING: [Synth 8-7129] Port addr[1] in module instr_memory is either unconnected or has no load
WARNING: [Synth 8-7129] Port addr[0] in module instr_memory is either unconnected or has no load
WARNING: [Synth 8-7129] Port funct7[6] in module control_unit is either unconnected or has no load
WARNING: [Synth 8-7129] Port funct7[4] in module control_unit is either unconnected or has no load
WARNING: [Synth 8-7129] Port funct7[3] in module control_unit is either unconnected or has no load
WARNING: [Synth 8-7129] Port funct7[2] in module control_unit is either unconnected or has no load
WARNING: [Synth 8-7129] Port funct7[1] in module control_unit is either unconnected or has no load
WARNING: [Synth 8-7129] Port funct7[0] in module control_unit is either unconnected or has no load
INFO: [Common 17-344] 'source' was cancelled
27 Infos, 58 Warnings, 0 Critical Warnings and 0 Errors encountered.
synth_design completed successfully
synth_design: Time (s): cpu = 00:01:10 ; elapsed = 00:01:08 . Memory (MB): peak = 10671.797 ; gain = 2964.688 ; free physical = 360 ; free virtual = 3973
INFO: [Common 17-2834] synth_design peak Physical Memory [PSS] (MB): overall = 4615.659; main = 4177.738; forked = 439.159
INFO: [Common 17-2834] synth_design peak Virtual Memory [VSS] (MB): overall = 11662.375; main = 10671.801; forked = 990.574
INFO: [Common 17-344] 'synth_design' was cancelled
exit
INFO: [Common 17-206] Exiting Vivado at Mon Nov  4 10:19:32 2024...
